Started GET "/" for ::1 at 2023-09-18 15:26:11 +0900
Processing by Rails::WelcomeController#index as HTML
  Rendering /Users/shimanaka/.rbenv/versions/3.2.2/lib/ruby/gems/3.2.0/gems/railties-7.0.8/lib/rails/templates/rails/welcome/index.html.erb
  Rendered /Users/shimanaka/.rbenv/versions/3.2.2/lib/ruby/gems/3.2.0/gems/railties-7.0.8/lib/rails/templates/rails/welcome/index.html.erb (Duration: 1.2ms | Allocations: 634)
Completed 200 OK in 22ms (Views: 4.1ms | ActiveRecord: 0.0ms | Allocations: 7146)


  [1m[35m (0.7ms)[0m  [1m[35mCREATE TABLE "schema_migrations" ("version" varchar NOT NULL PRIMARY KEY)[0m
  [1m[35m (0.4ms)[0m  [1m[35mCREATE TABLE "ar_internal_metadata" ("key" varchar NOT NULL PRIMARY KEY, "value" varchar, "created_at" datetime(6) NOT NULL, "updated_at" datetime(6) NOT NULL)[0m
  [1m[36mActiveRecord::SchemaMigration Pluck (0.1ms)[0m  [1m[34mSELECT "schema_migrations"."version" FROM "schema_migrations" ORDER BY "schema_migrations"."version" ASC[0m
Migrating to CreatePosts (20230918062726)
  [1m[36mTRANSACTION (0.0ms)[0m  [1m[36mbegin transaction[0m
  [1m[35m (0.2ms)[0m  [1m[35mCREATE TABLE "posts" ("id" integer PRIMARY KEY AUTOINCREMENT NOT NULL, "title" varchar, "content" text, "created_at" datetime(6) NOT NULL, "updated_at" datetime(6) NOT NULL)[0m
  [1m[36mActiveRecord::SchemaMigration Create (0.1ms)[0m  [1m[32mINSERT INTO "schema_migrations" ("version") VALUES (?)[0m  [["version", "20230918062726"]]
  [1m[36mTRANSACTION (0.3ms)[0m  [1m[36mcommit transaction[0m
  [1m[36mActiveRecord::InternalMetadata Load (0.1ms)[0m  [1m[34mSELECT "ar_internal_metadata".* FROM "ar_internal_metadata" WHERE "ar_internal_metadata"."key" = ? LIMIT ?[0m  [["key", "environment"], ["LIMIT", 1]]
  [1m[36mTRANSACTION (0.0ms)[0m  [1m[36mbegin transaction[0m
  [1m[36mActiveRecord::InternalMetadata Create (0.1ms)[0m  [1m[32mINSERT INTO "ar_internal_metadata" ("key", "value", "created_at", "updated_at") VALUES (?, ?, ?, ?)[0m  [["key", "environment"], ["value", "development"], ["created_at", "2023-09-18 06:27:43.162585"], ["updated_at", "2023-09-18 06:27:43.162585"]]
  [1m[36mTRANSACTION (0.2ms)[0m  [1m[36mcommit transaction[0m
  [1m[36mActiveRecord::SchemaMigration Pluck (0.0ms)[0m  [1m[34mSELECT "schema_migrations"."version" FROM "schema_migrations" ORDER BY "schema_migrations"."version" ASC[0m
Started GET "/" for ::1 at 2023-09-18 15:44:04 +0900
  [1m[36mActiveRecord::SchemaMigration Pluck (0.1ms)[0m  [1m[34mSELECT "schema_migrations"."version" FROM "schema_migrations" ORDER BY "schema_migrations"."version" ASC[0m
Processing by Rails::WelcomeController#index as HTML
  Rendering /Users/shimanaka/.rbenv/versions/3.2.2/lib/ruby/gems/3.2.0/gems/railties-7.0.8/lib/rails/templates/rails/welcome/index.html.erb
  Rendered /Users/shimanaka/.rbenv/versions/3.2.2/lib/ruby/gems/3.2.0/gems/railties-7.0.8/lib/rails/templates/rails/welcome/index.html.erb (Duration: 1.7ms | Allocations: 489)
Completed 200 OK in 6ms (Views: 2.8ms | ActiveRecord: 0.0ms | Allocations: 4056)


Started POST "/api/v1/posts" for 127.0.0.1 at 2023-09-18 15:45:24 +0900
  
ActionController::RoutingError (No route matches [POST] "/api/v1/posts"):
  
Started POST "/api/v1/posts" for 127.0.0.1 at 2023-09-18 15:47:32 +0900
Processing by Api::V1::PostsController#create as */*
  Parameters: {"title"=>"first", "content"=>"first", "post"=>{"title"=>"first", "content"=>"first"}}
Completed 500 Internal Server Error in 0ms (ActiveRecord: 0.3ms | Allocations: 236)


  
NoMethodError (undefined method `permiit' for #<ActionController::Parameters {"title"=>"first", "content"=>"first"} permitted: false>):
  
app/controllers/api/v1/posts_controller.rb:31:in `post_params'
app/controllers/api/v1/posts_controller.rb:13:in `create'
Started POST "/api/v1/posts" for 127.0.0.1 at 2023-09-18 15:48:33 +0900
Processing by Api::V1::PostsController#create as */*
  Parameters: {"title"=>"first", "content"=>"first", "post"=>{"title"=>"first", "content"=>"first"}}
Completed 500 Internal Server Error in 0ms (ActiveRecord: 0.0ms | Allocations: 118)


  
NoMethodError (undefined method `permiit' for #<ActionController::Parameters {"title"=>"first", "content"=>"first"} permitted: false>):
  
app/controllers/api/v1/posts_controller.rb:31:in `post_params'
app/controllers/api/v1/posts_controller.rb:13:in `create'
Started POST "/api/v1/posts" for 127.0.0.1 at 2023-09-18 15:51:03 +0900
Processing by Api::V1::PostsController#create as */*
  Parameters: {"title"=>"first", "content"=>"first", "post"=>{"title"=>"first", "content"=>"first"}}
Completed 500 Internal Server Error in 0ms (ActiveRecord: 0.2ms | Allocations: 169)


  
NoMethodError (undefined method `permiit' for #<ActionController::Parameters {"title"=>"first", "content"=>"first"} permitted: false>):
  
app/controllers/api/v1/posts_controller.rb:31:in `post_params'
app/controllers/api/v1/posts_controller.rb:13:in `create'
Started POST "/api/v1/posts" for 127.0.0.1 at 2023-09-18 15:52:12 +0900
Processing by Api::V1::PostsController#create as */*
  Parameters: {"title"=>"first", "content"=>"first", "post"=>{"title"=>"first", "content"=>"first"}}
  [1m[36mTRANSACTION (0.0ms)[0m  [1m[36mbegin transaction[0m
  ↳ app/controllers/api/v1/posts_controller.rb:15:in `create'
  [1m[36mPost Create (0.7ms)[0m  [1m[32mINSERT INTO "posts" ("title", "content", "created_at", "updated_at") VALUES (?, ?, ?, ?)[0m  [["title", "first"], ["content", "first"], ["created_at", "2023-09-18 06:52:12.439427"], ["updated_at", "2023-09-18 06:52:12.439427"]]
  ↳ app/controllers/api/v1/posts_controller.rb:15:in `create'
  [1m[36mTRANSACTION (0.2ms)[0m  [1m[36mcommit transaction[0m
  ↳ app/controllers/api/v1/posts_controller.rb:15:in `create'
Completed 201 Created in 5ms (Views: 0.1ms | ActiveRecord: 1.3ms | Allocations: 6561)


Started GET "/api/v1/posts" for 127.0.0.1 at 2023-09-18 15:52:47 +0900
Processing by Api::V1::PostsController#index as */*
  Parameters: {"title"=>"first", "content"=>"first", "post"=>{"title"=>"first", "content"=>"first"}}
  [1m[36mPost Load (0.1ms)[0m  [1m[34mSELECT "posts".* FROM "posts"[0m
  ↳ app/controllers/api/v1/posts_controller.rb:4:in `index'
Completed 200 OK in 1ms (Views: 1.0ms | ActiveRecord: 0.1ms | Allocations: 991)


Started GET "/api/v1/posts/1" for 127.0.0.1 at 2023-09-18 15:53:27 +0900
Processing by Api::V1::PostsController#show as */*
  Parameters: {"title"=>"first", "content"=>"first", "id"=>"1", "post"=>{"title"=>"first", "content"=>"first"}}
  [1m[36mPost Load (0.1ms)[0m  [1m[34mSELECT "posts".* FROM "posts" WHERE "posts"."id" = ? LIMIT ?[0m  [["id", 1], ["LIMIT", 1]]
  ↳ app/controllers/api/v1/posts_controller.rb:8:in `show'
Completed 200 OK in 10ms (Views: 0.2ms | ActiveRecord: 0.1ms | Allocations: 2216)


Started GET "/api/v1/posts" for 127.0.0.1 at 2023-09-18 15:53:31 +0900
Processing by Api::V1::PostsController#index as */*
  Parameters: {"title"=>"first", "content"=>"first", "post"=>{"title"=>"first", "content"=>"first"}}
  [1m[36mPost Load (0.1ms)[0m  [1m[34mSELECT "posts".* FROM "posts"[0m
  ↳ app/controllers/api/v1/posts_controller.rb:4:in `index'
Completed 200 OK in 1ms (Views: 1.1ms | ActiveRecord: 0.1ms | Allocations: 802)


Started POST "/api/v1/posts" for 127.0.0.1 at 2023-09-18 15:53:53 +0900
Processing by Api::V1::PostsController#create as */*
  Parameters: {"title"=>"second", "content"=>"second", "post"=>{"title"=>"second", "content"=>"second"}}
  [1m[36mTRANSACTION (0.0ms)[0m  [1m[36mbegin transaction[0m
  ↳ app/controllers/api/v1/posts_controller.rb:15:in `create'
  [1m[36mPost Create (0.3ms)[0m  [1m[32mINSERT INTO "posts" ("title", "content", "created_at", "updated_at") VALUES (?, ?, ?, ?)[0m  [["title", "second"], ["content", "second"], ["created_at", "2023-09-18 06:53:53.295113"], ["updated_at", "2023-09-18 06:53:53.295113"]]
  ↳ app/controllers/api/v1/posts_controller.rb:15:in `create'
  [1m[36mTRANSACTION (0.6ms)[0m  [1m[36mcommit transaction[0m
  ↳ app/controllers/api/v1/posts_controller.rb:15:in `create'
Completed 201 Created in 3ms (Views: 0.2ms | ActiveRecord: 0.9ms | Allocations: 1958)


Started GET "/api/v1/posts" for 127.0.0.1 at 2023-09-18 15:53:56 +0900
Processing by Api::V1::PostsController#index as */*
  Parameters: {"title"=>"second", "content"=>"second", "post"=>{"title"=>"second", "content"=>"second"}}
  [1m[36mPost Load (0.1ms)[0m  [1m[34mSELECT "posts".* FROM "posts"[0m
  ↳ app/controllers/api/v1/posts_controller.rb:4:in `index'
Completed 200 OK in 1ms (Views: 1.0ms | ActiveRecord: 0.1ms | Allocations: 913)


Started GET "/api/v1/posts/2" for 127.0.0.1 at 2023-09-18 15:59:23 +0900
Processing by Api::V1::PostsController#show as */*
  Parameters: {"title"=>"second", "content"=>"second", "id"=>"2", "post"=>{"title"=>"second", "content"=>"second"}}
  [1m[36mPost Load (0.1ms)[0m  [1m[34mSELECT "posts".* FROM "posts" WHERE "posts"."id" = ? LIMIT ?[0m  [["id", 2], ["LIMIT", 1]]
  ↳ app/controllers/api/v1/posts_controller.rb:8:in `show'
Completed 200 OK in 1ms (Views: 0.2ms | ActiveRecord: 0.2ms | Allocations: 1995)


Started PUT "/api/v1/posts/2" for 127.0.0.1 at 2023-09-18 16:00:49 +0900
Processing by Api::V1::PostsController#update as */*
  Parameters: {"title"=>"second修正", "content"=>"second修正", "id"=>"2", "post"=>{"title"=>"second修正", "content"=>"second修正"}}
  [1m[36mPost Load (0.0ms)[0m  [1m[34mSELECT "posts".* FROM "posts" WHERE "posts"."id" = ? LIMIT ?[0m  [["id", 2], ["LIMIT", 1]]
  ↳ app/controllers/api/v1/posts_controller.rb:23:in `update'
  [1m[36mTRANSACTION (0.0ms)[0m  [1m[36mbegin transaction[0m
  ↳ app/controllers/api/v1/posts_controller.rb:24:in `update'
  [1m[36mPost Update (0.2ms)[0m  [1m[33mUPDATE "posts" SET "title" = ?, "content" = ?, "updated_at" = ? WHERE "posts"."id" = ?[0m  [["title", "second修正"], ["content", "second修正"], ["updated_at", "2023-09-18 07:00:49.854557"], ["id", 2]]
  ↳ app/controllers/api/v1/posts_controller.rb:24:in `update'
  [1m[36mTRANSACTION (0.3ms)[0m  [1m[36mcommit transaction[0m
  ↳ app/controllers/api/v1/posts_controller.rb:24:in `update'
Completed 200 OK in 3ms (Views: 0.1ms | ActiveRecord: 0.8ms | Allocations: 4248)


Started DELETE "/api/v1/posts/2" for 127.0.0.1 at 2023-09-18 16:01:29 +0900
Processing by Api::V1::PostsController#destroy as */*
  Parameters: {"title"=>"second修正", "content"=>"second修正", "id"=>"2", "post"=>{"title"=>"second修正", "content"=>"second修正"}}
  [1m[36mPost Load (0.0ms)[0m  [1m[34mSELECT "posts".* FROM "posts" WHERE "posts"."id" = ? LIMIT ?[0m  [["id", 2], ["LIMIT", 1]]
  ↳ app/controllers/api/v1/posts_controller.rb:32:in `destroy'
  [1m[36mTRANSACTION (0.0ms)[0m  [1m[36mbegin transaction[0m
  ↳ app/controllers/api/v1/posts_controller.rb:33:in `destroy'
  [1m[36mPost Destroy (0.2ms)[0m  [1m[31mDELETE FROM "posts" WHERE "posts"."id" = ?[0m  [["id", 2]]
  ↳ app/controllers/api/v1/posts_controller.rb:33:in `destroy'
  [1m[36mTRANSACTION (0.3ms)[0m  [1m[36mcommit transaction[0m
  ↳ app/controllers/api/v1/posts_controller.rb:33:in `destroy'
Completed 204 No Content in 3ms (ActiveRecord: 0.9ms | Allocations: 3543)


Started GET "/api/v1/posts" for 127.0.0.1 at 2023-09-18 16:01:40 +0900
Processing by Api::V1::PostsController#index as */*
  Parameters: {"title"=>"second修正", "content"=>"second修正", "post"=>{"title"=>"second修正", "content"=>"second修正"}}
  [1m[36mPost Load (0.1ms)[0m  [1m[34mSELECT "posts".* FROM "posts"[0m
  ↳ app/controllers/api/v1/posts_controller.rb:4:in `index'
Completed 200 OK in 1ms (Views: 0.9ms | ActiveRecord: 0.1ms | Allocations: 899)


Started GET "/api/v1/posts" for ::1 at 2023-09-18 16:53:44 +0900
  [1m[36mActiveRecord::SchemaMigration Pluck (0.0ms)[0m  [1m[34mSELECT "schema_migrations"."version" FROM "schema_migrations" ORDER BY "schema_migrations"."version" ASC[0m
Processing by Api::V1::PostsController#index as */*
  [1m[36mPost Load (0.2ms)[0m  [1m[34mSELECT "posts".* FROM "posts"[0m
  ↳ app/controllers/api/v1/posts_controller.rb:4:in `index'
Completed 200 OK in 5ms (Views: 2.6ms | ActiveRecord: 0.3ms | Allocations: 8146)


Started GET "/api/v1/posts" for ::1 at 2023-09-18 16:53:52 +0900
Processing by Api::V1::PostsController#index as */*
  [1m[36mPost Load (0.1ms)[0m  [1m[34mSELECT "posts".* FROM "posts"[0m
  ↳ app/controllers/api/v1/posts_controller.rb:4:in `index'
Completed 200 OK in 1ms (Views: 0.8ms | ActiveRecord: 0.1ms | Allocations: 816)


Started GET "/api/v1/posts" for ::1 at 2023-09-18 17:23:02 +0900
Processing by Api::V1::PostsController#index as */*
  [1m[36mPost Load (0.3ms)[0m  [1m[34mSELECT "posts".* FROM "posts"[0m
  ↳ app/controllers/api/v1/posts_controller.rb:4:in `index'
Completed 200 OK in 2ms (Views: 1.0ms | ActiveRecord: 0.5ms | Allocations: 967)


Started GET "/api/v1/posts" for ::1 at 2023-09-18 17:25:44 +0900
Processing by Api::V1::PostsController#index as */*
  [1m[36mPost Load (0.1ms)[0m  [1m[34mSELECT "posts".* FROM "posts"[0m
  ↳ app/controllers/api/v1/posts_controller.rb:4:in `index'
Completed 200 OK in 1ms (Views: 0.9ms | ActiveRecord: 0.1ms | Allocations: 801)


Started GET "/api/v1/posts" for ::1 at 2023-09-18 17:38:54 +0900
Processing by Api::V1::PostsController#index as */*
  [1m[36mPost Load (0.3ms)[0m  [1m[34mSELECT "posts".* FROM "posts"[0m
  ↳ app/controllers/api/v1/posts_controller.rb:4:in `index'
Completed 200 OK in 1ms (Views: 0.9ms | ActiveRecord: 0.4ms | Allocations: 954)


Started GET "/api/v1/posts" for ::1 at 2023-09-18 17:42:36 +0900
Processing by Api::V1::PostsController#index as */*
  [1m[36mPost Load (0.1ms)[0m  [1m[34mSELECT "posts".* FROM "posts"[0m
  ↳ app/controllers/api/v1/posts_controller.rb:4:in `index'
Completed 200 OK in 2ms (Views: 1.3ms | ActiveRecord: 0.1ms | Allocations: 801)


Started GET "/api/v1/posts" for ::1 at 2023-09-18 17:48:42 +0900
Processing by Api::V1::PostsController#index as */*
  [1m[36mPost Load (0.0ms)[0m  [1m[34mSELECT "posts".* FROM "posts"[0m
  ↳ app/controllers/api/v1/posts_controller.rb:4:in `index'
Completed 200 OK in 2ms (Views: 1.2ms | ActiveRecord: 0.2ms | Allocations: 956)


Started GET "/api/v1/posts" for ::1 at 2023-09-18 17:48:47 +0900
Processing by Api::V1::PostsController#index as */*
  [1m[36mPost Load (0.1ms)[0m  [1m[34mSELECT "posts".* FROM "posts"[0m
  ↳ app/controllers/api/v1/posts_controller.rb:4:in `index'
Completed 200 OK in 1ms (Views: 1.1ms | ActiveRecord: 0.1ms | Allocations: 802)


Started GET "/api/v1/posts" for ::1 at 2023-09-18 17:58:14 +0900
Processing by Api::V1::PostsController#index as */*
  [1m[36mPost Load (0.3ms)[0m  [1m[34mSELECT "posts".* FROM "posts"[0m
  ↳ app/controllers/api/v1/posts_controller.rb:4:in `index'
Completed 200 OK in 2ms (Views: 1.1ms | ActiveRecord: 0.5ms | Allocations: 944)


Started GET "/api/v1/posts" for ::1 at 2023-09-18 17:59:27 +0900
Processing by Api::V1::PostsController#index as */*
  [1m[36mPost Load (0.1ms)[0m  [1m[34mSELECT "posts".* FROM "posts"[0m
  ↳ app/controllers/api/v1/posts_controller.rb:4:in `index'
Completed 200 OK in 1ms (Views: 0.6ms | ActiveRecord: 0.1ms | Allocations: 802)


Started GET "/api/v1/posts" for ::1 at 2023-09-18 18:07:40 +0900
Processing by Api::V1::PostsController#index as */*
  [1m[36mPost Load (0.3ms)[0m  [1m[34mSELECT "posts".* FROM "posts"[0m
  ↳ app/controllers/api/v1/posts_controller.rb:4:in `index'
Completed 200 OK in 2ms (Views: 1.1ms | ActiveRecord: 0.4ms | Allocations: 943)


Started GET "/api/v1/posts" for ::1 at 2023-09-18 18:13:28 +0900
  [1m[36mActiveRecord::SchemaMigration Pluck (0.0ms)[0m  [1m[34mSELECT "schema_migrations"."version" FROM "schema_migrations" ORDER BY "schema_migrations"."version" ASC[0m
Processing by Api::V1::PostsController#index as */*
  [1m[36mPost Load (0.0ms)[0m  [1m[34mSELECT "posts".* FROM "posts"[0m
  ↳ app/controllers/api/v1/posts_controller.rb:4:in `index'
Completed 200 OK in 5ms (Views: 2.7ms | ActiveRecord: 0.2ms | Allocations: 8146)


Started GET "/api/v1/posts" for ::1 at 2023-09-18 18:13:33 +0900
Processing by Api::V1::PostsController#index as */*
  [1m[36mPost Load (0.1ms)[0m  [1m[34mSELECT "posts".* FROM "posts"[0m
  ↳ app/controllers/api/v1/posts_controller.rb:4:in `index'
Completed 200 OK in 1ms (Views: 0.8ms | ActiveRecord: 0.1ms | Allocations: 817)


Started GET "/api/v1/posts" for ::1 at 2023-09-18 18:13:46 +0900
Processing by Api::V1::PostsController#index as */*
  [1m[36mPost Load (0.1ms)[0m  [1m[34mSELECT "posts".* FROM "posts"[0m
  ↳ app/controllers/api/v1/posts_controller.rb:4:in `index'
Completed 200 OK in 1ms (Views: 0.7ms | ActiveRecord: 0.1ms | Allocations: 813)


Started GET "/api/v1/posts" for ::1 at 2023-09-18 18:14:42 +0900
Processing by Api::V1::PostsController#index as */*
  [1m[36mPost Load (0.1ms)[0m  [1m[34mSELECT "posts".* FROM "posts"[0m
  ↳ app/controllers/api/v1/posts_controller.rb:4:in `index'
Completed 200 OK in 1ms (Views: 0.6ms | ActiveRecord: 0.1ms | Allocations: 802)


Started GET "/api/v1/posts" for ::1 at 2023-09-18 18:15:29 +0900
Processing by Api::V1::PostsController#index as */*
  [1m[36mPost Load (0.1ms)[0m  [1m[34mSELECT "posts".* FROM "posts"[0m
  ↳ app/controllers/api/v1/posts_controller.rb:4:in `index'
Completed 200 OK in 1ms (Views: 1.2ms | ActiveRecord: 0.1ms | Allocations: 802)


Started GET "/api/v1/posts" for ::1 at 2023-09-18 18:25:47 +0900
Processing by Api::V1::PostsController#index as */*
  [1m[36mPost Load (0.3ms)[0m  [1m[34mSELECT "posts".* FROM "posts"[0m
  ↳ app/controllers/api/v1/posts_controller.rb:4:in `index'
Completed 200 OK in 1ms (Views: 0.9ms | ActiveRecord: 0.4ms | Allocations: 968)


Started GET "/api/v1/posts" for ::1 at 2023-09-18 18:34:40 +0900
Processing by Api::V1::PostsController#index as */*
  [1m[36mPost Load (0.3ms)[0m  [1m[34mSELECT "posts".* FROM "posts"[0m
  ↳ app/controllers/api/v1/posts_controller.rb:4:in `index'
Completed 200 OK in 2ms (Views: 1.1ms | ActiveRecord: 0.6ms | Allocations: 943)


Started GET "/api/v1/posts" for ::1 at 2023-09-18 21:16:29 +0900
Processing by Api::V1::PostsController#index as */*
  [1m[36mPost Load (0.3ms)[0m  [1m[34mSELECT "posts".* FROM "posts"[0m
  ↳ app/controllers/api/v1/posts_controller.rb:4:in `index'
Completed 200 OK in 2ms (Views: 0.9ms | ActiveRecord: 0.4ms | Allocations: 946)


Started GET "/api/v1/posts/1" for ::1 at 2023-09-18 21:16:29 +0900
Processing by Api::V1::PostsController#show as */*
  Parameters: {"id"=>"1"}
  [1m[36mPost Load (0.1ms)[0m  [1m[34mSELECT "posts".* FROM "posts" WHERE "posts"."id" = ? LIMIT ?[0m  [["id", 1], ["LIMIT", 1]]
  ↳ app/controllers/api/v1/posts_controller.rb:8:in `show'
Completed 200 OK in 8ms (Views: 0.2ms | ActiveRecord: 0.1ms | Allocations: 2348)


Started GET "/api/v1/posts/1" for ::1 at 2023-09-18 21:22:34 +0900
Processing by Api::V1::PostsController#show as */*
  Parameters: {"id"=>"1"}
  [1m[36mPost Load (0.1ms)[0m  [1m[34mSELECT "posts".* FROM "posts" WHERE "posts"."id" = ? LIMIT ?[0m  [["id", 1], ["LIMIT", 1]]
  ↳ app/controllers/api/v1/posts_controller.rb:8:in `show'
Completed 200 OK in 2ms (Views: 0.2ms | ActiveRecord: 0.3ms | Allocations: 785)


Started GET "/api/v1/posts" for ::1 at 2023-09-18 21:22:34 +0900
Processing by Api::V1::PostsController#index as */*
  [1m[36mPost Load (0.1ms)[0m  [1m[34mSELECT "posts".* FROM "posts"[0m
  ↳ app/controllers/api/v1/posts_controller.rb:4:in `index'
Completed 200 OK in 1ms (Views: 0.6ms | ActiveRecord: 0.1ms | Allocations: 827)


Started GET "/api/v1/posts" for ::1 at 2023-09-18 21:22:44 +0900
Processing by Api::V1::PostsController#index as */*
  [1m[36mPost Load (0.1ms)[0m  [1m[34mSELECT "posts".* FROM "posts"[0m
  ↳ app/controllers/api/v1/posts_controller.rb:4:in `index'
Completed 200 OK in 1ms (Views: 0.6ms | ActiveRecord: 0.1ms | Allocations: 803)


Started GET "/api/v1/posts/1" for ::1 at 2023-09-18 21:22:47 +0900
Processing by Api::V1::PostsController#show as */*
  Parameters: {"id"=>"1"}
  [1m[36mPost Load (0.1ms)[0m  [1m[34mSELECT "posts".* FROM "posts" WHERE "posts"."id" = ? LIMIT ?[0m  [["id", 1], ["LIMIT", 1]]
  ↳ app/controllers/api/v1/posts_controller.rb:8:in `show'
Completed 200 OK in 1ms (Views: 0.3ms | ActiveRecord: 0.1ms | Allocations: 644)


Started GET "/api/v1/posts" for ::1 at 2023-09-18 21:22:47 +0900
Processing by Api::V1::PostsController#index as */*
  [1m[36mPost Load (0.1ms)[0m  [1m[34mSELECT "posts".* FROM "posts"[0m
  ↳ app/controllers/api/v1/posts_controller.rb:4:in `index'
Completed 200 OK in 1ms (Views: 0.7ms | ActiveRecord: 0.1ms | Allocations: 803)


Started GET "/api/v1/posts" for ::1 at 2023-09-18 21:22:49 +0900
Processing by Api::V1::PostsController#index as */*
  [1m[36mPost Load (0.1ms)[0m  [1m[34mSELECT "posts".* FROM "posts"[0m
  ↳ app/controllers/api/v1/posts_controller.rb:4:in `index'
Completed 200 OK in 1ms (Views: 1.1ms | ActiveRecord: 0.1ms | Allocations: 804)


Started GET "/api/v1/posts" for ::1 at 2023-09-18 21:23:07 +0900
Processing by Api::V1::PostsController#index as */*
  [1m[36mPost Load (0.1ms)[0m  [1m[34mSELECT "posts".* FROM "posts"[0m
  ↳ app/controllers/api/v1/posts_controller.rb:4:in `index'
Completed 200 OK in 1ms (Views: 0.9ms | ActiveRecord: 0.1ms | Allocations: 814)


Started POST "/api/v1/posts" for ::1 at 2023-09-18 21:27:28 +0900
Processing by Api::V1::PostsController#create as HTML
  Parameters: {"title"=>"aaa", "content"=>"", "post"=>{"title"=>"aaa", "content"=>""}}
  [1m[36mTRANSACTION (0.1ms)[0m  [1m[36mbegin transaction[0m
  ↳ app/controllers/api/v1/posts_controller.rb:15:in `create'
  [1m[36mPost Create (0.8ms)[0m  [1m[32mINSERT INTO "posts" ("title", "content", "created_at", "updated_at") VALUES (?, ?, ?, ?)[0m  [["title", "aaa"], ["content", ""], ["created_at", "2023-09-18 12:27:28.920385"], ["updated_at", "2023-09-18 12:27:28.920385"]]
  ↳ app/controllers/api/v1/posts_controller.rb:15:in `create'
  [1m[36mTRANSACTION (0.7ms)[0m  [1m[36mcommit transaction[0m
  ↳ app/controllers/api/v1/posts_controller.rb:15:in `create'
Completed 201 Created in 7ms (Views: 0.3ms | ActiveRecord: 1.6ms | Allocations: 2487)


Started GET "/api/v1/posts" for ::1 at 2023-09-18 21:27:28 +0900
Processing by Api::V1::PostsController#index as */*
  [1m[36mPost Load (0.1ms)[0m  [1m[34mSELECT "posts".* FROM "posts"[0m
  ↳ app/controllers/api/v1/posts_controller.rb:4:in `index'
Completed 200 OK in 1ms (Views: 1.0ms | ActiveRecord: 0.1ms | Allocations: 914)


Started GET "/api/v1/posts/3" for ::1 at 2023-09-18 21:35:53 +0900
Processing by Api::V1::PostsController#show as */*
  Parameters: {"id"=>"3"}
  [1m[36mPost Load (0.0ms)[0m  [1m[34mSELECT "posts".* FROM "posts" WHERE "posts"."id" = ? LIMIT ?[0m  [["id", 3], ["LIMIT", 1]]
  ↳ app/controllers/api/v1/posts_controller.rb:8:in `show'
Completed 200 OK in 1ms (Views: 0.4ms | ActiveRecord: 0.2ms | Allocations: 785)


Started PUT "/api/v1/posts/3" for ::1 at 2023-09-18 21:36:46 +0900
Processing by Api::V1::PostsController#update as HTML
  Parameters: {"title"=>"a", "content"=>"", "id"=>"3", "post"=>{"title"=>"a", "content"=>""}}
  [1m[36mPost Load (0.1ms)[0m  [1m[34mSELECT "posts".* FROM "posts" WHERE "posts"."id" = ? LIMIT ?[0m  [["id", 3], ["LIMIT", 1]]
  ↳ app/controllers/api/v1/posts_controller.rb:23:in `update'
  [1m[36mTRANSACTION (0.1ms)[0m  [1m[36mbegin transaction[0m
  ↳ app/controllers/api/v1/posts_controller.rb:24:in `update'
  [1m[36mPost Update (0.5ms)[0m  [1m[33mUPDATE "posts" SET "title" = ?, "updated_at" = ? WHERE "posts"."id" = ?[0m  [["title", "a"], ["updated_at", "2023-09-18 12:36:46.625664"], ["id", 3]]
  ↳ app/controllers/api/v1/posts_controller.rb:24:in `update'
  [1m[36mTRANSACTION (0.9ms)[0m  [1m[36mcommit transaction[0m
  ↳ app/controllers/api/v1/posts_controller.rb:24:in `update'
Completed 200 OK in 7ms (Views: 0.3ms | ActiveRecord: 1.6ms | Allocations: 2689)


Started GET "/api/v1/posts" for ::1 at 2023-09-18 21:36:46 +0900
Processing by Api::V1::PostsController#index as */*
  [1m[36mPost Load (0.1ms)[0m  [1m[34mSELECT "posts".* FROM "posts"[0m
  ↳ app/controllers/api/v1/posts_controller.rb:4:in `index'
Completed 200 OK in 2ms (Views: 1.3ms | ActiveRecord: 0.1ms | Allocations: 938)


Started GET "/api/v1/posts/3" for ::1 at 2023-09-18 21:36:49 +0900
Processing by Api::V1::PostsController#show as */*
  Parameters: {"id"=>"3"}
  [1m[36mPost Load (0.1ms)[0m  [1m[34mSELECT "posts".* FROM "posts" WHERE "posts"."id" = ? LIMIT ?[0m  [["id", 3], ["LIMIT", 1]]
  ↳ app/controllers/api/v1/posts_controller.rb:8:in `show'
Completed 200 OK in 2ms (Views: 0.3ms | ActiveRecord: 0.1ms | Allocations: 644)


Started PUT "/api/v1/posts/3" for ::1 at 2023-09-18 21:36:50 +0900
Processing by Api::V1::PostsController#update as HTML
  Parameters: {"title"=>"a", "content"=>"", "id"=>"3", "post"=>{"title"=>"a", "content"=>""}}
  [1m[36mPost Load (0.1ms)[0m  [1m[34mSELECT "posts".* FROM "posts" WHERE "posts"."id" = ? LIMIT ?[0m  [["id", 3], ["LIMIT", 1]]
  ↳ app/controllers/api/v1/posts_controller.rb:23:in `update'
Completed 200 OK in 3ms (Views: 0.2ms | ActiveRecord: 0.1ms | Allocations: 773)


Started GET "/api/v1/posts" for ::1 at 2023-09-18 21:36:50 +0900
Processing by Api::V1::PostsController#index as */*
  [1m[36mPost Load (0.1ms)[0m  [1m[34mSELECT "posts".* FROM "posts"[0m
  ↳ app/controllers/api/v1/posts_controller.rb:4:in `index'
Completed 200 OK in 1ms (Views: 0.9ms | ActiveRecord: 0.1ms | Allocations: 917)


Started GET "/api/v1/posts/3" for ::1 at 2023-09-18 21:50:29 +0900
Processing by Api::V1::PostsController#show as */*
  Parameters: {"id"=>"3"}
  [1m[36mPost Load (0.1ms)[0m  [1m[34mSELECT "posts".* FROM "posts" WHERE "posts"."id" = ? LIMIT ?[0m  [["id", 3], ["LIMIT", 1]]
  ↳ app/controllers/api/v1/posts_controller.rb:8:in `show'
Completed 200 OK in 2ms (Views: 0.2ms | ActiveRecord: 0.3ms | Allocations: 785)


Started GET "/api/v1/posts" for ::1 at 2023-09-18 21:50:31 +0900
Processing by Api::V1::PostsController#index as */*
  [1m[36mPost Load (0.1ms)[0m  [1m[34mSELECT "posts".* FROM "posts"[0m
  ↳ app/controllers/api/v1/posts_controller.rb:4:in `index'
Completed 200 OK in 1ms (Views: 0.7ms | ActiveRecord: 0.1ms | Allocations: 938)


Started GET "/api/v1/posts/1" for ::1 at 2023-09-18 21:50:32 +0900
Processing by Api::V1::PostsController#show as */*
  Parameters: {"id"=>"1"}
  [1m[36mPost Load (0.2ms)[0m  [1m[34mSELECT "posts".* FROM "posts" WHERE "posts"."id" = ? LIMIT ?[0m  [["id", 1], ["LIMIT", 1]]
  ↳ app/controllers/api/v1/posts_controller.rb:8:in `show'
Completed 200 OK in 2ms (Views: 0.3ms | ActiveRecord: 0.2ms | Allocations: 645)


Started GET "/api/v1/posts" for ::1 at 2023-09-18 21:50:41 +0900
Processing by Api::V1::PostsController#index as */*
  [1m[36mPost Load (0.1ms)[0m  [1m[34mSELECT "posts".* FROM "posts"[0m
  ↳ app/controllers/api/v1/posts_controller.rb:4:in `index'
Completed 200 OK in 1ms (Views: 1.2ms | ActiveRecord: 0.1ms | Allocations: 914)


Started GET "/api/v1/posts/3" for ::1 at 2023-09-18 21:54:36 +0900
Processing by Api::V1::PostsController#show as */*
  Parameters: {"id"=>"3"}
  [1m[36mPost Load (0.1ms)[0m  [1m[34mSELECT "posts".* FROM "posts" WHERE "posts"."id" = ? LIMIT ?[0m  [["id", 3], ["LIMIT", 1]]
  ↳ app/controllers/api/v1/posts_controller.rb:8:in `show'
Completed 200 OK in 1ms (Views: 0.2ms | ActiveRecord: 0.1ms | Allocations: 644)


Started PUT "/api/v1/posts/3" for ::1 at 2023-09-18 21:54:47 +0900
Processing by Api::V1::PostsController#update as HTML
  Parameters: {"title"=>"saaaa", "content"=>"", "id"=>"3", "post"=>{"title"=>"saaaa", "content"=>""}}
  [1m[36mPost Load (0.1ms)[0m  [1m[34mSELECT "posts".* FROM "posts" WHERE "posts"."id" = ? LIMIT ?[0m  [["id", 3], ["LIMIT", 1]]
  ↳ app/controllers/api/v1/posts_controller.rb:23:in `update'
  [1m[36mTRANSACTION (0.0ms)[0m  [1m[36mbegin transaction[0m
  ↳ app/controllers/api/v1/posts_controller.rb:24:in `update'
  [1m[36mPost Update (0.6ms)[0m  [1m[33mUPDATE "posts" SET "title" = ?, "updated_at" = ? WHERE "posts"."id" = ?[0m  [["title", "saaaa"], ["updated_at", "2023-09-18 12:54:47.657834"], ["id", 3]]
  ↳ app/controllers/api/v1/posts_controller.rb:24:in `update'
  [1m[36mTRANSACTION (1.2ms)[0m  [1m[36mcommit transaction[0m
  ↳ app/controllers/api/v1/posts_controller.rb:24:in `update'
Completed 200 OK in 7ms (Views: 0.8ms | ActiveRecord: 1.9ms | Allocations: 2496)


Started GET "/api/v1/posts" for ::1 at 2023-09-18 21:54:47 +0900
Processing by Api::V1::PostsController#index as */*
  [1m[36mPost Load (0.1ms)[0m  [1m[34mSELECT "posts".* FROM "posts"[0m
  ↳ app/controllers/api/v1/posts_controller.rb:4:in `index'
Completed 200 OK in 1ms (Views: 0.9ms | ActiveRecord: 0.1ms | Allocations: 914)


Started POST "/api/v1/posts" for ::1 at 2023-09-18 21:54:53 +0900
Processing by Api::V1::PostsController#create as HTML
  Parameters: {"title"=>"a", "content"=>"aaaa", "post"=>{"title"=>"a", "content"=>"aaaa"}}
  [1m[36mTRANSACTION (0.0ms)[0m  [1m[36mbegin transaction[0m
  ↳ app/controllers/api/v1/posts_controller.rb:15:in `create'
  [1m[36mPost Create (0.2ms)[0m  [1m[32mINSERT INTO "posts" ("title", "content", "created_at", "updated_at") VALUES (?, ?, ?, ?)[0m  [["title", "a"], ["content", "aaaa"], ["created_at", "2023-09-18 12:54:53.964477"], ["updated_at", "2023-09-18 12:54:53.964477"]]
  ↳ app/controllers/api/v1/posts_controller.rb:15:in `create'
  [1m[36mTRANSACTION (0.5ms)[0m  [1m[36mcommit transaction[0m
  ↳ app/controllers/api/v1/posts_controller.rb:15:in `create'
Completed 201 Created in 2ms (Views: 0.1ms | ActiveRecord: 0.7ms | Allocations: 1945)


Started GET "/api/v1/posts" for ::1 at 2023-09-18 21:54:53 +0900
Processing by Api::V1::PostsController#index as */*
  [1m[36mPost Load (0.1ms)[0m  [1m[34mSELECT "posts".* FROM "posts"[0m
  ↳ app/controllers/api/v1/posts_controller.rb:4:in `index'
Completed 200 OK in 1ms (Views: 0.9ms | ActiveRecord: 0.1ms | Allocations: 1026)


Started POST "/api/v1/posts" for ::1 at 2023-09-18 21:55:02 +0900
Processing by Api::V1::PostsController#create as HTML
  Parameters: {"title"=>"ssssss", "content"=>"", "post"=>{"title"=>"ssssss", "content"=>""}}
  [1m[36mTRANSACTION (0.0ms)[0m  [1m[36mbegin transaction[0m
  ↳ app/controllers/api/v1/posts_controller.rb:15:in `create'
  [1m[36mPost Create (0.3ms)[0m  [1m[32mINSERT INTO "posts" ("title", "content", "created_at", "updated_at") VALUES (?, ?, ?, ?)[0m  [["title", "ssssss"], ["content", ""], ["created_at", "2023-09-18 12:55:02.128173"], ["updated_at", "2023-09-18 12:55:02.128173"]]
  ↳ app/controllers/api/v1/posts_controller.rb:15:in `create'
  [1m[36mTRANSACTION (0.5ms)[0m  [1m[36mcommit transaction[0m
  ↳ app/controllers/api/v1/posts_controller.rb:15:in `create'
Completed 201 Created in 2ms (Views: 0.1ms | ActiveRecord: 0.8ms | Allocations: 1945)


Started GET "/api/v1/posts" for ::1 at 2023-09-18 21:55:02 +0900
Processing by Api::V1::PostsController#index as */*
  [1m[36mPost Load (0.1ms)[0m  [1m[34mSELECT "posts".* FROM "posts"[0m
  ↳ app/controllers/api/v1/posts_controller.rb:4:in `index'
Completed 200 OK in 1ms (Views: 0.7ms | ActiveRecord: 0.1ms | Allocations: 1137)


Started GET "/api/v1/posts/5" for ::1 at 2023-09-18 21:55:05 +0900
Processing by Api::V1::PostsController#show as */*
  Parameters: {"id"=>"5"}
  [1m[36mPost Load (0.1ms)[0m  [1m[34mSELECT "posts".* FROM "posts" WHERE "posts"."id" = ? LIMIT ?[0m  [["id", 5], ["LIMIT", 1]]
  ↳ app/controllers/api/v1/posts_controller.rb:8:in `show'
Completed 200 OK in 1ms (Views: 0.2ms | ActiveRecord: 0.1ms | Allocations: 644)


Started GET "/api/v1/posts" for ::1 at 2023-09-18 21:55:05 +0900
Processing by Api::V1::PostsController#index as */*
  [1m[36mPost Load (0.0ms)[0m  [1m[34mSELECT "posts".* FROM "posts"[0m
  ↳ app/controllers/api/v1/posts_controller.rb:4:in `index'
Completed 200 OK in 1ms (Views: 0.8ms | ActiveRecord: 0.0ms | Allocations: 1137)


Started GET "/api/v1/posts" for ::1 at 2023-09-18 21:55:06 +0900
Processing by Api::V1::PostsController#index as */*
  [1m[36mPost Load (0.1ms)[0m  [1m[34mSELECT "posts".* FROM "posts"[0m
  ↳ app/controllers/api/v1/posts_controller.rb:4:in `index'
Completed 200 OK in 2ms (Views: 1.6ms | ActiveRecord: 0.1ms | Allocations: 1137)


Started GET "/api/v1/posts/5" for ::1 at 2023-09-18 21:55:07 +0900
Processing by Api::V1::PostsController#show as */*
  Parameters: {"id"=>"5"}
  [1m[36mPost Load (0.1ms)[0m  [1m[34mSELECT "posts".* FROM "posts" WHERE "posts"."id" = ? LIMIT ?[0m  [["id", 5], ["LIMIT", 1]]
  ↳ app/controllers/api/v1/posts_controller.rb:8:in `show'
Completed 200 OK in 1ms (Views: 0.2ms | ActiveRecord: 0.1ms | Allocations: 644)


Started GET "/api/v1/posts" for ::1 at 2023-09-18 21:55:12 +0900
Processing by Api::V1::PostsController#index as */*
  [1m[36mPost Load (0.1ms)[0m  [1m[34mSELECT "posts".* FROM "posts"[0m
  ↳ app/controllers/api/v1/posts_controller.rb:4:in `index'
Completed 200 OK in 2ms (Views: 1.5ms | ActiveRecord: 0.1ms | Allocations: 1137)


Started DELETE "/api/v1/posts/3" for ::1 at 2023-09-18 21:55:31 +0900
Processing by Api::V1::PostsController#destroy as HTML
  Parameters: {"id"=>"3"}
  [1m[36mPost Load (0.1ms)[0m  [1m[34mSELECT "posts".* FROM "posts" WHERE "posts"."id" = ? LIMIT ?[0m  [["id", 3], ["LIMIT", 1]]
  ↳ app/controllers/api/v1/posts_controller.rb:32:in `destroy'
  [1m[36mTRANSACTION (0.0ms)[0m  [1m[36mbegin transaction[0m
  ↳ app/controllers/api/v1/posts_controller.rb:33:in `destroy'
  [1m[36mPost Destroy (0.4ms)[0m  [1m[31mDELETE FROM "posts" WHERE "posts"."id" = ?[0m  [["id", 3]]
  ↳ app/controllers/api/v1/posts_controller.rb:33:in `destroy'
  [1m[36mTRANSACTION (0.7ms)[0m  [1m[36mcommit transaction[0m
  ↳ app/controllers/api/v1/posts_controller.rb:33:in `destroy'
Completed 204 No Content in 4ms (ActiveRecord: 1.3ms | Allocations: 2087)


Started GET "/api/v1/posts" for ::1 at 2023-09-18 21:55:31 +0900
Processing by Api::V1::PostsController#index as */*
  [1m[36mPost Load (0.1ms)[0m  [1m[34mSELECT "posts".* FROM "posts"[0m
  ↳ app/controllers/api/v1/posts_controller.rb:4:in `index'
Completed 200 OK in 2ms (Views: 1.3ms | ActiveRecord: 0.1ms | Allocations: 1025)


Started DELETE "/api/v1/posts/5" for ::1 at 2023-09-18 21:55:33 +0900
Processing by Api::V1::PostsController#destroy as HTML
  Parameters: {"id"=>"5"}
  [1m[36mPost Load (0.2ms)[0m  [1m[34mSELECT "posts".* FROM "posts" WHERE "posts"."id" = ? LIMIT ?[0m  [["id", 5], ["LIMIT", 1]]
  ↳ app/controllers/api/v1/posts_controller.rb:32:in `destroy'
  [1m[36mTRANSACTION (0.1ms)[0m  [1m[36mbegin transaction[0m
  ↳ app/controllers/api/v1/posts_controller.rb:33:in `destroy'
  [1m[36mPost Destroy (0.5ms)[0m  [1m[31mDELETE FROM "posts" WHERE "posts"."id" = ?[0m  [["id", 5]]
  ↳ app/controllers/api/v1/posts_controller.rb:33:in `destroy'
  [1m[36mTRANSACTION (0.7ms)[0m  [1m[36mcommit transaction[0m
  ↳ app/controllers/api/v1/posts_controller.rb:33:in `destroy'
Completed 204 No Content in 5ms (ActiveRecord: 1.4ms | Allocations: 2009)


Started GET "/api/v1/posts" for ::1 at 2023-09-18 21:55:33 +0900
Processing by Api::V1::PostsController#index as */*
  [1m[36mPost Load (0.1ms)[0m  [1m[34mSELECT "posts".* FROM "posts"[0m
  ↳ app/controllers/api/v1/posts_controller.rb:4:in `index'
Completed 200 OK in 1ms (Views: 1.1ms | ActiveRecord: 0.1ms | Allocations: 914)


Started POST "/api/v1/posts" for ::1 at 2023-09-18 21:58:05 +0900
Processing by Api::V1::PostsController#create as HTML
  Parameters: {"title"=>"sss", "content"=>"ssss", "post"=>{"title"=>"sss", "content"=>"ssss"}}
  [1m[36mTRANSACTION (0.1ms)[0m  [1m[36mbegin transaction[0m
  ↳ app/controllers/api/v1/posts_controller.rb:15:in `create'
  [1m[36mPost Create (0.6ms)[0m  [1m[32mINSERT INTO "posts" ("title", "content", "created_at", "updated_at") VALUES (?, ?, ?, ?)[0m  [["title", "sss"], ["content", "ssss"], ["created_at", "2023-09-18 12:58:05.586351"], ["updated_at", "2023-09-18 12:58:05.586351"]]
  ↳ app/controllers/api/v1/posts_controller.rb:15:in `create'
  [1m[36mTRANSACTION (0.7ms)[0m  [1m[36mcommit transaction[0m
  ↳ app/controllers/api/v1/posts_controller.rb:15:in `create'
Completed 201 Created in 5ms (Views: 0.3ms | ActiveRecord: 1.4ms | Allocations: 1945)


Started GET "/api/v1/posts" for ::1 at 2023-09-18 21:58:05 +0900
Processing by Api::V1::PostsController#index as */*
  [1m[36mPost Load (0.1ms)[0m  [1m[34mSELECT "posts".* FROM "posts"[0m
  ↳ app/controllers/api/v1/posts_controller.rb:4:in `index'
Completed 200 OK in 1ms (Views: 1.0ms | ActiveRecord: 0.1ms | Allocations: 1025)


Started GET "/api/v1/posts/4" for ::1 at 2023-09-18 21:58:08 +0900
Processing by Api::V1::PostsController#show as */*
  Parameters: {"id"=>"4"}
  [1m[36mPost Load (0.1ms)[0m  [1m[34mSELECT "posts".* FROM "posts" WHERE "posts"."id" = ? LIMIT ?[0m  [["id", 4], ["LIMIT", 1]]
  ↳ app/controllers/api/v1/posts_controller.rb:8:in `show'
Completed 200 OK in 1ms (Views: 0.4ms | ActiveRecord: 0.1ms | Allocations: 644)


Started PUT "/api/v1/posts/4" for ::1 at 2023-09-18 21:58:12 +0900
Processing by Api::V1::PostsController#update as HTML
  Parameters: {"title"=>"aaaaa", "content"=>"aaaa", "id"=>"4", "post"=>{"title"=>"aaaaa", "content"=>"aaaa"}}
  [1m[36mPost Load (0.9ms)[0m  [1m[34mSELECT "posts".* FROM "posts" WHERE "posts"."id" = ? LIMIT ?[0m  [["id", 4], ["LIMIT", 1]]
  ↳ app/controllers/api/v1/posts_controller.rb:23:in `update'
  [1m[36mTRANSACTION (0.1ms)[0m  [1m[36mbegin transaction[0m
  ↳ app/controllers/api/v1/posts_controller.rb:24:in `update'
  [1m[36mPost Update (0.5ms)[0m  [1m[33mUPDATE "posts" SET "title" = ?, "updated_at" = ? WHERE "posts"."id" = ?[0m  [["title", "aaaaa"], ["updated_at", "2023-09-18 12:58:12.246770"], ["id", 4]]
  ↳ app/controllers/api/v1/posts_controller.rb:24:in `update'
  [1m[36mTRANSACTION (0.7ms)[0m  [1m[36mcommit transaction[0m
  ↳ app/controllers/api/v1/posts_controller.rb:24:in `update'
Completed 200 OK in 7ms (Views: 0.3ms | ActiveRecord: 2.3ms | Allocations: 2496)


Started GET "/api/v1/posts" for ::1 at 2023-09-18 21:58:12 +0900
Processing by Api::V1::PostsController#index as */*
  [1m[36mPost Load (0.1ms)[0m  [1m[34mSELECT "posts".* FROM "posts"[0m
  ↳ app/controllers/api/v1/posts_controller.rb:4:in `index'
Completed 200 OK in 1ms (Views: 1.2ms | ActiveRecord: 0.1ms | Allocations: 1025)


Started GET "/api/v1/posts/4" for ::1 at 2023-09-18 22:02:54 +0900
Processing by Api::V1::PostsController#show as */*
  Parameters: {"id"=>"4"}
  [1m[36mPost Load (0.1ms)[0m  [1m[34mSELECT "posts".* FROM "posts" WHERE "posts"."id" = ? LIMIT ?[0m  [["id", 4], ["LIMIT", 1]]
  ↳ app/controllers/api/v1/posts_controller.rb:8:in `show'
Completed 200 OK in 1ms (Views: 0.3ms | ActiveRecord: 0.1ms | Allocations: 644)


Started GET "/api/v1/posts/4" for ::1 at 2023-09-18 22:04:44 +0900
Processing by Api::V1::PostsController#show as */*
  Parameters: {"id"=>"4"}
  [1m[36mPost Load (0.1ms)[0m  [1m[34mSELECT "posts".* FROM "posts" WHERE "posts"."id" = ? LIMIT ?[0m  [["id", 4], ["LIMIT", 1]]
  ↳ app/controllers/api/v1/posts_controller.rb:8:in `show'
Completed 200 OK in 1ms (Views: 0.2ms | ActiveRecord: 0.1ms | Allocations: 645)


Started PUT "/api/v1/posts/4" for ::1 at 2023-09-18 22:04:48 +0900
Processing by Api::V1::PostsController#update as HTML
  Parameters: {"title"=>"aaaaa", "content"=>"aaaaaaaaa", "id"=>"4", "post"=>{"title"=>"aaaaa", "content"=>"aaaaaaaaa"}}
  [1m[36mPost Load (0.2ms)[0m  [1m[34mSELECT "posts".* FROM "posts" WHERE "posts"."id" = ? LIMIT ?[0m  [["id", 4], ["LIMIT", 1]]
  ↳ app/controllers/api/v1/posts_controller.rb:23:in `update'
  [1m[36mTRANSACTION (0.1ms)[0m  [1m[36mbegin transaction[0m
  ↳ app/controllers/api/v1/posts_controller.rb:24:in `update'
  [1m[36mPost Update (0.5ms)[0m  [1m[33mUPDATE "posts" SET "content" = ?, "updated_at" = ? WHERE "posts"."id" = ?[0m  [["content", "aaaaaaaaa"], ["updated_at", "2023-09-18 13:04:48.560505"], ["id", 4]]
  ↳ app/controllers/api/v1/posts_controller.rb:24:in `update'
  [1m[36mTRANSACTION (1.0ms)[0m  [1m[36mcommit transaction[0m
  ↳ app/controllers/api/v1/posts_controller.rb:24:in `update'
Completed 200 OK in 7ms (Views: 0.2ms | ActiveRecord: 1.8ms | Allocations: 2496)


Started GET "/api/v1/posts" for ::1 at 2023-09-18 22:04:48 +0900
Processing by Api::V1::PostsController#index as */*
  [1m[36mPost Load (0.1ms)[0m  [1m[34mSELECT "posts".* FROM "posts"[0m
  ↳ app/controllers/api/v1/posts_controller.rb:4:in `index'
Completed 200 OK in 2ms (Views: 1.4ms | ActiveRecord: 0.1ms | Allocations: 1025)


Started GET "/api/v1/posts/4" for ::1 at 2023-09-18 22:04:49 +0900
Processing by Api::V1::PostsController#show as */*
  Parameters: {"id"=>"4"}
  [1m[36mPost Load (0.1ms)[0m  [1m[34mSELECT "posts".* FROM "posts" WHERE "posts"."id" = ? LIMIT ?[0m  [["id", 4], ["LIMIT", 1]]
  ↳ app/controllers/api/v1/posts_controller.rb:8:in `show'
Completed 200 OK in 1ms (Views: 0.3ms | ActiveRecord: 0.1ms | Allocations: 644)


Started PUT "/api/v1/posts/4" for ::1 at 2023-09-18 22:04:56 +0900
Processing by Api::V1::PostsController#update as HTML
  Parameters: {"title"=>"aaaa", "content"=>"aaaaaaaa", "id"=>"4", "post"=>{"title"=>"aaaa", "content"=>"aaaaaaaa"}}
  [1m[36mPost Load (0.1ms)[0m  [1m[34mSELECT "posts".* FROM "posts" WHERE "posts"."id" = ? LIMIT ?[0m  [["id", 4], ["LIMIT", 1]]
  ↳ app/controllers/api/v1/posts_controller.rb:23:in `update'
  [1m[36mTRANSACTION (0.1ms)[0m  [1m[36mbegin transaction[0m
  ↳ app/controllers/api/v1/posts_controller.rb:24:in `update'
  [1m[36mPost Update (0.4ms)[0m  [1m[33mUPDATE "posts" SET "title" = ?, "content" = ?, "updated_at" = ? WHERE "posts"."id" = ?[0m  [["title", "aaaa"], ["content", "aaaaaaaa"], ["updated_at", "2023-09-18 13:04:56.316073"], ["id", 4]]
  ↳ app/controllers/api/v1/posts_controller.rb:24:in `update'
  [1m[36mTRANSACTION (0.7ms)[0m  [1m[36mcommit transaction[0m
  ↳ app/controllers/api/v1/posts_controller.rb:24:in `update'
Completed 200 OK in 5ms (Views: 0.2ms | ActiveRecord: 1.3ms | Allocations: 2505)


Started GET "/api/v1/posts" for ::1 at 2023-09-18 22:04:56 +0900
Processing by Api::V1::PostsController#index as */*
  [1m[36mPost Load (0.1ms)[0m  [1m[34mSELECT "posts".* FROM "posts"[0m
  ↳ app/controllers/api/v1/posts_controller.rb:4:in `index'
Completed 200 OK in 2ms (Views: 1.4ms | ActiveRecord: 0.1ms | Allocations: 1025)


Started DELETE "/api/v1/posts/6" for ::1 at 2023-09-18 22:04:59 +0900
Processing by Api::V1::PostsController#destroy as HTML
  Parameters: {"id"=>"6"}
  [1m[36mPost Load (0.1ms)[0m  [1m[34mSELECT "posts".* FROM "posts" WHERE "posts"."id" = ? LIMIT ?[0m  [["id", 6], ["LIMIT", 1]]
  ↳ app/controllers/api/v1/posts_controller.rb:32:in `destroy'
  [1m[36mTRANSACTION (0.0ms)[0m  [1m[36mbegin transaction[0m
  ↳ app/controllers/api/v1/posts_controller.rb:33:in `destroy'
  [1m[36mPost Destroy (0.4ms)[0m  [1m[31mDELETE FROM "posts" WHERE "posts"."id" = ?[0m  [["id", 6]]
  ↳ app/controllers/api/v1/posts_controller.rb:33:in `destroy'
  [1m[36mTRANSACTION (0.8ms)[0m  [1m[36mcommit transaction[0m
  ↳ app/controllers/api/v1/posts_controller.rb:33:in `destroy'
Completed 204 No Content in 5ms (ActiveRecord: 1.4ms | Allocations: 2009)


Started GET "/api/v1/posts" for ::1 at 2023-09-18 22:04:59 +0900
Processing by Api::V1::PostsController#index as */*
  [1m[36mPost Load (0.1ms)[0m  [1m[34mSELECT "posts".* FROM "posts"[0m
  ↳ app/controllers/api/v1/posts_controller.rb:4:in `index'
Completed 200 OK in 1ms (Views: 1.0ms | ActiveRecord: 0.1ms | Allocations: 914)


